<?xml version="1.0" encoding="UTF-8"?>
<!-- Generated by org.testng.reporters.JUnitReportReporter -->
<testsuite hostname="DESKTOP-FDAMF98" failures="0" tests="1" name="testcases.TC_001_AccountRegistrationTest" time="1.883" errors="0" timestamp="2023-06-07T16:28:19 IST" skipped="0">
  <testcase classname="testcases.TC_001_AccountRegistrationTest" name="TC_AccountRegistrationTest" time="1.883"/>
  <system-out/>
</testsuite> <!-- testcases.TC_001_AccountRegistrationTest -->
