<?xml version="1.0" encoding="UTF-8"?>
<!-- Generated by org.testng.reporters.JUnitReportReporter -->
<testsuite hostname="DESKTOP-FDAMF98" failures="0" tests="5" name="testcases.TC_003_LoginDataDrivenTest" time="6.929" errors="0" timestamp="2023-06-11T10:34:35 IST" skipped="0">
  <testcase classname="testcases.TC_003_LoginDataDrivenTest" name="test_LoginDDt" time="1.180"/>
  <system-out/>
  <testcase classname="testcases.TC_003_LoginDataDrivenTest" name="test_LoginDDt" time="2.116"/>
  <system-out/>
  <testcase classname="testcases.TC_003_LoginDataDrivenTest" name="test_LoginDDt" time="1.216"/>
  <system-out/>
  <testcase classname="testcases.TC_003_LoginDataDrivenTest" name="test_LoginDDt" time="1.216"/>
  <system-out/>
  <testcase classname="testcases.TC_003_LoginDataDrivenTest" name="test_LoginDDt" time="1.201"/>
  <system-out/>
</testsuite> <!-- testcases.TC_003_LoginDataDrivenTest -->
